[
  {
    "line": 3,
    "elements": [
      {
        "line": 5,
        "name": "",
        "description": "",
        "type": "background",
        "keyword": "Background",
        "steps": [
          {
            "result": {
              "duration": 1382127500,
              "status": "passed"
            },
            "line": 6,
            "name": "the user is in add customer pag",
            "match": {
              "location": "HomePageSteps.x()"
            },
            "keyword": "Given "
          }
        ]
      },
      {
        "before": [
          {
            "result": {
              "duration": 10372564400,
              "status": "passed"
            },
            "match": {
              "location": "Hooks.beforeMethod1()"
            }
          }
        ],
        "line": 9,
        "name": "To test the generate customer ID functionality1",
        "description": "",
        "id": "to-test-add-customer-functionality;to-test-the-generate-customer-id-functionality1",
        "after": [
          {
            "result": {
              "duration": 721826500,
              "status": "passed"
            },
            "match": {
              "location": "Hooks.afterMethod1()"
            }
          }
        ],
        "type": "scenario",
        "keyword": "Scenario",
        "steps": [
          {
            "result": {
              "duration": 748060300,
              "status": "passed"
            },
            "line": 10,
            "name": "the user fill in valid customer details",
            "match": {
              "location": "AddCustomerSteps.the_user_fill_in_valid_customer_details(DataTable)"
            },
            "rows": [
              {
                "cells": [
                  "firstName",
                  "test"
                ]
              },
              {
                "cells": [
                  "lastName",
                  "one"
                ]
              },
              {
                "cells": [
                  "emailAdress",
                  "test@gmail.com"
                ]
              },
              {
                "cells": [
                  "adress",
                  "chennai"
                ]
              },
              {
                "cells": [
                  "phoneNum",
                  "7464849"
                ]
              }
            ],
            "keyword": "When "
          },
          {
            "result": {
              "duration": 2334498600,
              "status": "passed"
            },
            "line": 16,
            "name": "the user clicks the submit button",
            "match": {
              "location": "AddCustomerSteps.the_user_clicks_the_submit_button()"
            },
            "keyword": "And "
          },
          {
            "result": {
              "duration": 76913000,
              "status": "passed"
            },
            "line": 17,
            "name": "the user should see the customer id generated",
            "match": {
              "location": "AccessPageSteps.the_user_should_see_the_customer_id_generated()"
            },
            "keyword": "Then "
          }
        ],
        "tags": [
          {
            "name": "@regression"
          },
          {
            "name": "@addcust"
          },
          {
            "name": "@sprint1"
          },
          {
            "name": "@us1"
          }
        ]
      },
      {
        "line": 5,
        "name": "",
        "description": "",
        "type": "background",
        "keyword": "Background",
        "steps": [
          {
            "result": {
              "duration": 949374600,
              "status": "passed"
            },
            "line": 6,
            "name": "the user is in add customer pag",
            "match": {
              "location": "HomePageSteps.x()"
            },
            "keyword": "Given "
          }
        ]
      },
      {
        "before": [
          {
            "result": {
              "duration": 7612522700,
              "status": "passed"
            },
            "match": {
              "location": "Hooks.beforeMethod1()"
            }
          }
        ],
        "line": 20,
        "name": "To test the generate customer ID functionality2",
        "description": "",
        "id": "to-test-add-customer-functionality;to-test-the-generate-customer-id-functionality2",
        "after": [
          {
            "result": {
              "error_message": "org.openqa.selenium.UnhandledAlertException: unexpected alert open: {Alert text : please fill all fields}\n  (Session info: chrome\u003d75.0.3770.142)\n  (Driver info: chromedriver\u003d2.46.628402 (536cd7adbad73a3783fdc2cab92ab2ba7ec361e1),platform\u003dWindows NT 10.0.17763 x86_64) (WARNING: The server did not provide any stacktrace information)\nCommand duration or timeout: 0 milliseconds: null\nBuild info: version: \u00273.141.59\u0027, revision: \u0027e82be7d358\u0027, time: \u00272018-11-14T08:17:03\u0027\nSystem info: host: \u0027ABDUL\u0027, ip: \u0027192.168.43.135\u0027, os.name: \u0027Windows 10\u0027, os.arch: \u0027amd64\u0027, os.version: \u002710.0\u0027, java.version: \u00271.8.0_211\u0027\nDriver info: org.openqa.selenium.chrome.ChromeDriver\nCapabilities {acceptInsecureCerts: false, acceptSslCerts: false, applicationCacheEnabled: false, browserConnectionEnabled: false, browserName: chrome, chrome: {chromedriverVersion: 2.46.628402 (536cd7adbad73a..., userDataDir: C:\\Users\\Shaik\\AppData\\Loca...}, cssSelectorsEnabled: true, databaseEnabled: false, goog:chromeOptions: {debuggerAddress: localhost:54132}, handlesAlerts: true, hasTouchScreen: false, javascriptEnabled: true, locationContextEnabled: true, mobileEmulationEnabled: false, nativeEvents: true, networkConnectionEnabled: false, pageLoadStrategy: normal, platform: XP, platformName: XP, proxy: Proxy(), rotatable: false, setWindowRect: true, strictFileInteractability: false, takesHeapSnapshot: true, takesScreenshot: true, timeouts: {implicit: 0, pageLoad: 300000, script: 30000}, unexpectedAlertBehaviour: ignore, unhandledPromptBehavior: ignore, version: 75.0.3770.142, webStorageEnabled: true}\nSession ID: ddf7a493cdf1789ef90c3345b0a014b6\r\n\tat sun.reflect.NativeConstructorAccessorImpl.newInstance0(Native Method)\r\n\tat sun.reflect.NativeConstructorAccessorImpl.newInstance(Unknown Source)\r\n\tat sun.reflect.DelegatingConstructorAccessorImpl.newInstance(Unknown Source)\r\n\tat java.lang.reflect.Constructor.newInstance(Unknown Source)\r\n\tat org.openqa.selenium.remote.ErrorHandler.createThrowable(ErrorHandler.java:214)\r\n\tat org.openqa.selenium.remote.ErrorHandler.throwIfResponseFailed(ErrorHandler.java:172)\r\n\tat org.openqa.selenium.remote.http.JsonHttpResponseCodec.reconstructValue(JsonHttpResponseCodec.java:40)\r\n\tat org.openqa.selenium.remote.http.AbstractHttpResponseCodec.decode(AbstractHttpResponseCodec.java:80)\r\n\tat org.openqa.selenium.remote.http.AbstractHttpResponseCodec.decode(AbstractHttpResponseCodec.java:44)\r\n\tat org.openqa.selenium.remote.HttpCommandExecutor.execute(HttpCommandExecutor.java:158)\r\n\tat org.openqa.selenium.remote.service.DriverCommandExecutor.execute(DriverCommandExecutor.java:83)\r\n\tat org.openqa.selenium.remote.RemoteWebDriver.execute(RemoteWebDriver.java:552)\r\n\tat org.openqa.selenium.remote.RemoteWebDriver.execute(RemoteWebDriver.java:609)\r\n\tat org.openqa.selenium.remote.RemoteWebDriver.close(RemoteWebDriver.java:442)\r\n\tat stepdefinition.Hooks.afterMethod1(Hooks.java:25)\r\n\tat sun.reflect.NativeMethodAccessorImpl.invoke0(Native Method)\r\n\tat sun.reflect.NativeMethodAccessorImpl.invoke(Unknown Source)\r\n\tat sun.reflect.DelegatingMethodAccessorImpl.invoke(Unknown Source)\r\n\tat java.lang.reflect.Method.invoke(Unknown Source)\r\n\tat cucumber.runtime.Utils$1.call(Utils.java:26)\r\n\tat cucumber.runtime.Timeout.timeout(Timeout.java:16)\r\n\tat cucumber.runtime.Utils.invoke(Utils.java:20)\r\n\tat cucumber.runtime.java.JavaHookDefinition.execute(JavaHookDefinition.java:60)\r\n\tat cucumber.runner.HookDefinitionMatch.runStep(HookDefinitionMatch.java:16)\r\n\tat cucumber.runner.TestStep.executeStep(TestStep.java:63)\r\n\tat cucumber.runner.TestStep.run(TestStep.java:49)\r\n\tat cucumber.runner.TestCase.run(TestCase.java:48)\r\n\tat cucumber.runner.Runner.runPickle(Runner.java:40)\r\n\tat cucumber.runtime.junit.PickleRunners$NoStepDescriptions.run(PickleRunners.java:146)\r\n\tat cucumber.runtime.junit.FeatureRunner.runChild(FeatureRunner.java:68)\r\n\tat cucumber.runtime.junit.FeatureRunner.runChild(FeatureRunner.java:23)\r\n\tat org.junit.runners.ParentRunner$3.run(ParentRunner.java:290)\r\n\tat org.junit.runners.ParentRunner$1.schedule(ParentRunner.java:71)\r\n\tat org.junit.runners.ParentRunner.runChildren(ParentRunner.java:288)\r\n\tat org.junit.runners.ParentRunner.access$000(ParentRunner.java:58)\r\n\tat org.junit.runners.ParentRunner$2.evaluate(ParentRunner.java:268)\r\n\tat org.junit.runners.ParentRunner.run(ParentRunner.java:363)\r\n\tat cucumber.runtime.junit.FeatureRunner.run(FeatureRunner.java:73)\r\n\tat cucumber.api.junit.Cucumber.runChild(Cucumber.java:124)\r\n\tat cucumber.api.junit.Cucumber.runChild(Cucumber.java:65)\r\n\tat org.junit.runners.ParentRunner$3.run(ParentRunner.java:290)\r\n\tat org.junit.runners.ParentRunner$1.schedule(ParentRunner.java:71)\r\n\tat org.junit.runners.ParentRunner.runChildren(ParentRunner.java:288)\r\n\tat org.junit.runners.ParentRunner.access$000(ParentRunner.java:58)\r\n\tat org.junit.runners.ParentRunner$2.evaluate(ParentRunner.java:268)\r\n\tat cucumber.api.junit.Cucumber$1.evaluate(Cucumber.java:133)\r\n\tat org.junit.runners.ParentRunner.run(ParentRunner.java:363)\r\n\tat org.eclipse.jdt.internal.junit4.runner.JUnit4TestReference.run(JUnit4TestReference.java:86)\r\n\tat org.eclipse.jdt.internal.junit.runner.TestExecution.run(TestExecution.java:38)\r\n\tat org.eclipse.jdt.internal.junit.runner.RemoteTestRunner.runTests(RemoteTestRunner.java:538)\r\n\tat org.eclipse.jdt.internal.junit.runner.RemoteTestRunner.runTests(RemoteTestRunner.java:760)\r\n\tat org.eclipse.jdt.internal.junit.runner.RemoteTestRunner.run(RemoteTestRunner.java:460)\r\n\tat org.eclipse.jdt.internal.junit.runner.RemoteTestRunner.main(RemoteTestRunner.java:206)\r\n",
              "duration": 4609900,
              "status": "failed"
            },
            "match": {
              "location": "Hooks.afterMethod1()"
            }
          }
        ],
        "type": "scenario",
        "keyword": "Scenario",
        "steps": [
          {
            "result": {
              "duration": 544444200,
              "status": "passed"
            },
            "line": 21,
            "name": "the user fill in valid customer details",
            "match": {
              "location": "AddCustomerSteps.the_user_fill_in_valid_customer_details(DataTable)"
            },
            "rows": [
              {
                "cells": [
                  "firstName",
                  "test"
                ]
              },
              {
                "cells": [
                  "lastName",
                  "two"
                ]
              },
              {
                "cells": [
                  "emailAdress",
                  "test@gmail.com"
                ]
              },
              {
                "cells": [
                  "adress",
                  "chennai"
                ]
              },
              {
                "cells": [
                  "phoneNum",
                  "failed"
                ]
              }
            ],
            "keyword": "When "
          },
          {
            "result": {
              "duration": 194041100,
              "status": "passed"
            },
            "line": 27,
            "name": "the user clicks the submit button",
            "match": {
              "location": "AddCustomerSteps.the_user_clicks_the_submit_button()"
            },
            "keyword": "And "
          },
          {
            "result": {
              "error_message": "org.openqa.selenium.UnhandledAlertException: unexpected alert open: {Alert text : please fill all fields}\n  (Session info: chrome\u003d75.0.3770.142)\n  (Driver info: chromedriver\u003d2.46.628402 (536cd7adbad73a3783fdc2cab92ab2ba7ec361e1),platform\u003dWindows NT 10.0.17763 x86_64) (WARNING: The server did not provide any stacktrace information)\nCommand duration or timeout: 0 milliseconds: null\nBuild info: version: \u00273.141.59\u0027, revision: \u0027e82be7d358\u0027, time: \u00272018-11-14T08:17:03\u0027\nSystem info: host: \u0027ABDUL\u0027, ip: \u0027192.168.43.135\u0027, os.name: \u0027Windows 10\u0027, os.arch: \u0027amd64\u0027, os.version: \u002710.0\u0027, java.version: \u00271.8.0_211\u0027\nDriver info: org.openqa.selenium.chrome.ChromeDriver\nCapabilities {acceptInsecureCerts: false, acceptSslCerts: false, applicationCacheEnabled: false, browserConnectionEnabled: false, browserName: chrome, chrome: {chromedriverVersion: 2.46.628402 (536cd7adbad73a..., userDataDir: C:\\Users\\Shaik\\AppData\\Loca...}, cssSelectorsEnabled: true, databaseEnabled: false, goog:chromeOptions: {debuggerAddress: localhost:54132}, handlesAlerts: true, hasTouchScreen: false, javascriptEnabled: true, locationContextEnabled: true, mobileEmulationEnabled: false, nativeEvents: true, networkConnectionEnabled: false, pageLoadStrategy: normal, platform: XP, platformName: XP, proxy: Proxy(), rotatable: false, setWindowRect: true, strictFileInteractability: false, takesHeapSnapshot: true, takesScreenshot: true, timeouts: {implicit: 0, pageLoad: 300000, script: 30000}, unexpectedAlertBehaviour: ignore, unhandledPromptBehavior: ignore, version: 75.0.3770.142, webStorageEnabled: true}\nSession ID: ddf7a493cdf1789ef90c3345b0a014b6\n*** Element info: {Using\u003dxpath, value\u003d//table//h3}\r\n\tat sun.reflect.NativeConstructorAccessorImpl.newInstance0(Native Method)\r\n\tat sun.reflect.NativeConstructorAccessorImpl.newInstance(Unknown Source)\r\n\tat sun.reflect.DelegatingConstructorAccessorImpl.newInstance(Unknown Source)\r\n\tat java.lang.reflect.Constructor.newInstance(Unknown Source)\r\n\tat org.openqa.selenium.remote.ErrorHandler.createThrowable(ErrorHandler.java:214)\r\n\tat org.openqa.selenium.remote.ErrorHandler.throwIfResponseFailed(ErrorHandler.java:172)\r\n\tat org.openqa.selenium.remote.http.JsonHttpResponseCodec.reconstructValue(JsonHttpResponseCodec.java:40)\r\n\tat org.openqa.selenium.remote.http.AbstractHttpResponseCodec.decode(AbstractHttpResponseCodec.java:80)\r\n\tat org.openqa.selenium.remote.http.AbstractHttpResponseCodec.decode(AbstractHttpResponseCodec.java:44)\r\n\tat org.openqa.selenium.remote.HttpCommandExecutor.execute(HttpCommandExecutor.java:158)\r\n\tat org.openqa.selenium.remote.service.DriverCommandExecutor.execute(DriverCommandExecutor.java:83)\r\n\tat org.openqa.selenium.remote.RemoteWebDriver.execute(RemoteWebDriver.java:552)\r\n\tat org.openqa.selenium.remote.RemoteWebDriver.findElement(RemoteWebDriver.java:323)\r\n\tat org.openqa.selenium.remote.RemoteWebDriver.findElementByXPath(RemoteWebDriver.java:428)\r\n\tat org.openqa.selenium.By$ByXPath.findElement(By.java:353)\r\n\tat org.openqa.selenium.remote.RemoteWebDriver.findElement(RemoteWebDriver.java:315)\r\n\tat org.openqa.selenium.support.pagefactory.DefaultElementLocator.findElement(DefaultElementLocator.java:69)\r\n\tat org.openqa.selenium.support.pagefactory.internal.LocatingElementHandler.invoke(LocatingElementHandler.java:38)\r\n\tat com.sun.proxy.$Proxy16.isDisplayed(Unknown Source)\r\n\tat stepdefinition.AccessPageSteps.the_user_should_see_the_customer_id_generated(AccessPageSteps.java:13)\r\n\tat âœ½.the user should see the customer id generated(src/test/resources/features/AddCustomer.feature:28)\r\n",
              "duration": 47915400,
              "status": "failed"
            },
            "line": 28,
            "name": "the user should see the customer id generated",
            "match": {
              "location": "AccessPageSteps.the_user_should_see_the_customer_id_generated()"
            },
            "keyword": "Then "
          }
        ],
        "tags": [
          {
            "name": "@regression"
          },
          {
            "name": "@addcust"
          },
          {
            "name": "@sprint1"
          },
          {
            "name": "@us2"
          },
          {
            "name": "@smoke"
          }
        ]
      },
      {
        "line": 5,
        "name": "",
        "description": "",
        "type": "background",
        "keyword": "Background",
        "steps": [
          {
            "result": {
              "duration": 1300220800,
              "status": "passed"
            },
            "line": 6,
            "name": "the user is in add customer pag",
            "match": {
              "location": "HomePageSteps.x()"
            },
            "keyword": "Given "
          }
        ]
      },
      {
        "before": [
          {
            "result": {
              "duration": 8818033200,
              "status": "passed"
            },
            "match": {
              "location": "Hooks.beforeMethod1()"
            }
          }
        ],
        "line": 31,
        "name": "To test the generate customer ID functionality3",
        "description": "",
        "id": "to-test-add-customer-functionality;to-test-the-generate-customer-id-functionality3",
        "after": [
          {
            "result": {
              "duration": 877376000,
              "status": "passed"
            },
            "match": {
              "location": "Hooks.afterMethod1()"
            }
          }
        ],
        "type": "scenario",
        "keyword": "Scenario",
        "steps": [
          {
            "result": {
              "duration": 641098100,
              "status": "passed"
            },
            "line": 32,
            "name": "the user fill in valid customer details",
            "match": {
              "location": "AddCustomerSteps.the_user_fill_in_valid_customer_details(DataTable)"
            },
            "rows": [
              {
                "cells": [
                  "firstName",
                  "test"
                ]
              },
              {
                "cells": [
                  "lastName",
                  "three"
                ]
              },
              {
                "cells": [
                  "emailAdress",
                  "test@gmail.com"
                ]
              },
              {
                "cells": [
                  "adress",
                  "chennai"
                ]
              },
              {
                "cells": [
                  "phoneNum",
                  "7464849"
                ]
              }
            ],
            "keyword": "When "
          },
          {
            "result": {
              "duration": 3086983300,
              "status": "passed"
            },
            "line": 38,
            "name": "the user clicks the submit button",
            "match": {
              "location": "AddCustomerSteps.the_user_clicks_the_submit_button()"
            },
            "keyword": "And "
          },
          {
            "result": {
              "duration": 38412400,
              "status": "passed"
            },
            "line": 39,
            "name": "the user should see the customer id generated",
            "match": {
              "location": "AccessPageSteps.the_user_should_see_the_customer_id_generated()"
            },
            "keyword": "Then "
          }
        ],
        "tags": [
          {
            "name": "@regression"
          },
          {
            "name": "@addcust"
          },
          {
            "name": "@sprint1"
          },
          {
            "name": "@us3"
          }
        ]
      }
    ],
    "name": "To test add customer functionality",
    "description": "",
    "id": "to-test-add-customer-functionality",
    "keyword": "Feature",
    "uri": "src/test/resources/features/AddCustomer.feature",
    "tags": [
      {
        "name": "@regression",
        "type": "Tag",
        "location": {
          "line": 2,
          "column": 1
        }
      },
      {
        "name": "@addcust",
        "type": "Tag",
        "location": {
          "line": 2,
          "column": 13
        }
      },
      {
        "name": "@sprint1",
        "type": "Tag",
        "location": {
          "line": 2,
          "column": 22
        }
      }
    ]
  }
]